<?xml version="1.0" encoding="UTF-8"?>
<!-- Generated by org.testng.reporters.JUnitReportReporter -->
<testsuite hostname="DESKTOP-8RNI952" failures="0" tests="1" name="com.uucms.qa.TestCases.TestCollegePage" time="26.389" errors="0" timestamp="2023-09-17T18:54:51 IST" skipped="0">
  <testcase classname="com.uucms.qa.TestCases.TestCollegePage" name="verifyCollege" time="26.389"/>
  <system-out/>
</testsuite> <!-- com.uucms.qa.TestCases.TestCollegePage -->
