<?xml version="1.0" encoding="UTF-8"?>
<!-- Generated by org.testng.reporters.JUnitReportReporter -->
<testsuite hostname="DESKTOP-8RNI952" failures="0" tests="1" name="com.uucms.qa.TestCases.TestLoginPage" time="5.250" errors="0" timestamp="2023-09-13T14:46:00 IST" skipped="0">
  <testcase classname="com.uucms.qa.TestCases.TestLoginPage" name="CollegeLogin" time="5.250"/>
  <system-out/>
</testsuite> <!-- com.uucms.qa.TestCases.TestLoginPage -->
